<?xml version="1.0" encoding="UTF-8"?>
<!-- Generated by org.testng.reporters.JUnitXMLReporter -->
<testsuite hostname="Voice-ПК" name="LOGIN" tests="22" failures="0" timestamp="23 Oct 2013 10:15:04 GMT" time="101.026" errors="0">
  <testcase name="LogIn" time="26.305" classname="user.Login"/>
  <testcase name="PlayMusic" time="9.131" classname="content.PlayMusicOnLand"/>
  <testcase name="socialOnMusic" time="2.445" classname="content.SocialLinks"/>
  <testcase name="MusicGenres" time="3.189" classname="content.Genres"/>
  <testcase name="MusicTitles" time="2.489" classname="content.BlockTitles"/>
  <testcase name="MusicArtists" time="3.405" classname="content.Artists"/>
  <testcase name="blocksOnMusic" time="2.329" classname="content.Bloks"/>
  <testcase name="socialOnNovinki" time="3.044" classname="content.SocialLinks"/>
  <testcase name="AzerGenres" time="3.068" classname="content.Genres"/>
  <testcase name="NovinkiTitles" time="2.263" classname="content.BlockTitles"/>
  <testcase name="NovinkiArtists" time="2.421" classname="content.Artists"/>
  <testcase name="blocksOnNovinki" time="2.534" classname="content.Bloks"/>
  <testcase name="socialOnAzer" time="2.992" classname="content.SocialLinks"/>
  <testcase name="AzerTitles" time="2.691" classname="content.BlockTitles"/>
  <testcase name="AzerArtists" time="3.323" classname="content.Artists"/>
  <testcase name="CheckBlocks" time="2.751" classname="content.Bloks"/>
  <testcase name="socialOnPlaylist" time="2.578" classname="content.SocialLinks"/>
  <testcase name="MusicHeader" time="4.532" classname="content.Headers"/>
  <testcase name="NovinkiHeader" time="5.317" classname="content.Headers"/>
  <testcase name="AzerHeader" time="5.224" classname="content.Headers"/>
  <testcase name="PlaylistHeader" time="4.623" classname="content.Headers"/>
  <testcase name="UploadHeader" time="4.046" classname="content.Headers"/>
</testsuite> <!-- LOGIN -->
