<?xml version="1.0" encoding="UTF-8"?>
<!-- Generated by org.testng.reporters.JUnitXMLReporter -->
<testsuite hostname="Voice-ПК" name="Test" tests="12" failures="0" timestamp="23 Oct 2013 09:24:31 GMT" time="199.361" errors="0">
  <testcase name="LogIn" time="17.393" classname="user.Login"/>
  <testcase name="MusicGenres" time="87.04" classname="content.Genres"/>
  <testcase name="MusicTitles" time="55.642" classname="content.BlockTitles"/>
  <testcase name="MusicArtists" time="6.058" classname="content.Artists"/>
  <testcase name="blocksOnMusic" time="4.063" classname="content.Bloks"/>
  <testcase name="AzerGenres" time="6.512" classname="content.Genres"/>
  <testcase name="NovinkiTitles" time="4.976" classname="content.BlockTitles"/>
  <testcase name="NovinkiArtists" time="3.76" classname="content.Artists"/>
  <testcase name="blocksOnNovinki" time="3.377" classname="content.Bloks"/>
  <testcase name="AzerTitles" time="3.037" classname="content.BlockTitles"/>
  <testcase name="AzerArtists" time="4.677" classname="content.Artists"/>
  <testcase name="CheckBlocks" time="2.504" classname="content.Bloks"/>
</testsuite> <!-- Test -->
