<?xml version="1.0" encoding="UTF-8"?>
<!-- Generated by org.testng.reporters.JUnitXMLReporter -->
<testsuite hostname="Voice-ПК" name="Test" tests="17" failures="1" timestamp="23 Oct 2013 09:48:03 GMT" time="163.667" errors="0">
  <testcase name="LogIn" time="16.102" classname="user.Login"/>
  <testcase name="MusicGenres" time="90.035" classname="content.Genres">
    <failure type="org.openqa.selenium.TimeoutException" message="Timed out waiting for page load.
Command duration or timeout: 90.02 seconds
Build info: version: &amp;apos;2.33.0&amp;apos;, revision: &amp;apos;4e90c97&amp;apos;, time: &amp;apos;2013-05-22 15:33:32&amp;apos;
System info: os.name: &amp;apos;Windows 7&amp;apos;, os.arch: &amp;apos;amd64&amp;apos;, os.version: &amp;apos;6.1&amp;apos;, java.version: &amp;apos;1.7.0_25&amp;apos;
Session ID: ee83c660-a63c-4204-af64-9dd12687b619
Driver info: org.openqa.selenium.firefox.FirefoxDriver
Capabilities [{platform=XP, databaseEnabled=true, cssSelectorsEnabled=true, javascriptEnabled=true, acceptSslCerts=true, handlesAlerts=true, browserName=firefox, browserConnectionEnabled=true, nativeEvents=true, webStorageEnabled=true, rotatable=false, locationContextEnabled=true, applicationCacheEnabled=true, takesScreenshot=true, version=24.0}]">
      <![CDATA[org.openqa.selenium.TimeoutException: Timed out waiting for page load.
Command duration or timeout: 90.02 seconds
Build info: version: '2.33.0', revision: '4e90c97', time: '2013-05-22 15:33:32'
System info: os.name: 'Windows 7', os.arch: 'amd64', os.version: '6.1', java.version: '1.7.0_25'
Session ID: ee83c660-a63c-4204-af64-9dd12687b619
Driver info: org.openqa.selenium.firefox.FirefoxDriver
Capabilities [{platform=XP, databaseEnabled=true, cssSelectorsEnabled=true, javascriptEnabled=true, acceptSslCerts=true, handlesAlerts=true, browserName=firefox, browserConnectionEnabled=true, nativeEvents=true, webStorageEnabled=true, rotatable=false, locationContextEnabled=true, applicationCacheEnabled=true, takesScreenshot=true, version=24.0}]
	at org.openqa.selenium.remote.ErrorHandler.createThrowable(ErrorHandler.java:191)
	at org.openqa.selenium.remote.ErrorHandler.throwIfResponseFailed(ErrorHandler.java:145)
	at org.openqa.selenium.remote.RemoteWebDriver.execute(RemoteWebDriver.java:554)
	at org.openqa.selenium.remote.RemoteWebDriver.get(RemoteWebDriver.java:276)
	at content.Genres.MusicGenres(Genres.java:12)
Caused by: org.openqa.selenium.remote.ErrorHandler$UnknownServerException: Timed out waiting for page load.
Build info: version: '2.33.0', revision: '4e90c97', time: '2013-05-22 15:33:32'
System info: os.name: 'Windows 7', os.arch: 'amd64', os.version: '6.1', java.version: '1.7.0_25'
Driver info: driver.version: unknown
	at <anonymous class>.FirefoxDriver.prototype.get/<(file:///C:/Users/Voice/AppData/Local/Temp/anonymous5756702595974929077webdriver-profile/extensions/fxdriver@googlecode.com/components/driver_component.js:8312)
	at <anonymous class>.WebLoadingListener/e(file:///C:/Users/Voice/AppData/Local/Temp/anonymous5756702595974929077webdriver-profile/extensions/fxdriver@googlecode.com/components/driver_component.js:3263)
	at <anonymous class>.WebLoadingListener/<(file:///C:/Users/Voice/AppData/Local/Temp/anonymous5756702595974929077webdriver-profile/extensions/fxdriver@googlecode.com/components/driver_component.js:3270)
	at <anonymous class>.fxdriver.Timer.prototype.setTimeout/<.notify(file:///C:/Users/Voice/AppData/Local/Temp/anonymous5756702595974929077webdriver-profile/extensions/fxdriver@googlecode.com/components/driver_component.js:386)
... Removed 28 stack frames]]>
    </failure>
  </testcase> <!-- MusicGenres -->
  <testcase name="MusicTitles" time="5.247" classname="content.BlockTitles"/>
  <testcase name="MusicArtists" time="3.203" classname="content.Artists"/>
  <testcase name="blocksOnMusic" time="2.331" classname="content.Bloks"/>
  <testcase name="AzerGenres" time="5.781" classname="content.Genres"/>
  <testcase name="NovinkiTitles" time="2.432" classname="content.BlockTitles"/>
  <testcase name="NovinkiArtists" time="2.5" classname="content.Artists"/>
  <testcase name="blocksOnNovinki" time="2.171" classname="content.Bloks"/>
  <testcase name="AzerTitles" time="2.296" classname="content.BlockTitles"/>
  <testcase name="AzerArtists" time="3.537" classname="content.Artists"/>
  <testcase name="CheckBlocks" time="2.688" classname="content.Bloks"/>
  <testcase name="MusicHeader" time="5.224" classname="content.Headers"/>
  <testcase name="NovinkiHeader" time="5.713" classname="content.Headers"/>
  <testcase name="AzerHeader" time="5.241" classname="content.Headers"/>
  <testcase name="PlaylistHeader" time="4.839" classname="content.Headers"/>
  <testcase name="UploadHeader" time="3.945" classname="content.Headers"/>
</testsuite> <!-- Test -->
