<?xml version="1.0" encoding="UTF-8"?>
<testsuite name="TestSuite" time="86.43" tests="22" errors="0" skipped="0" failures="0">
  <properties>
[...]
</properties>
  <testcase name="LogIn" classname="user.Login" time="29.87"/>
  <testcase name="PlayMusic" classname="content.PlayMusicOnLand" time="8.56"/>
  <testcase name="socialOnMusic" classname="content.SocialLinks" time="2.16"/>
  <testcase name="MusicGenres" classname="content.Genres" time="4.276"/>
  <testcase name="MusicTitles" classname="content.BlockTitles" time="1.544"/>
  <testcase name="MusicArtists" classname="content.Artists" time="2.091"/>
  <testcase name="blocksOnMusic" classname="content.Bloks" time="1.601"/>
  <testcase name="socialOnNovinki" classname="content.SocialLinks" time="2.627"/>
  <testcase name="AzerGenres" classname="content.Genres" time="3.063"/>
  <testcase name="NovinkiTitles" classname="content.BlockTitles" time="2.053"/>
  <testcase name="NovinkiArtists" classname="content.Artists" time="2.117"/>
  <testcase name="blocksOnNovinki" classname="content.Bloks" time="1.804"/>
  <testcase name="socialOnAzer" classname="content.SocialLinks" time="1.738"/>
  <testcase name="AzerTitles" classname="content.BlockTitles" time="1.955"/>
  <testcase name="AzerArtists" classname="content.Artists" time="2.446"/>
  <testcase name="CheckBlocks" classname="content.Bloks" time="1.579"/>
  <testcase name="socialOnPlaylist" classname="content.SocialLinks" time="1.421"/>
  <testcase name="MusicHeader" classname="content.Headers" time="3.363"/>
  <testcase name="NovinkiHeader" classname="content.Headers" time="3.998"/>
  <testcase name="AzerHeader" classname="content.Headers" time="3.314"/>
  <testcase name="PlaylistHeader" classname="content.Headers" time="2.614"/>
  <testcase name="UploadHeader" classname="content.Headers" time="2.236"/>
</testsuite>