<?xml version="1.0" encoding="UTF-8"?>
<testng-results skipped="0" failed="0" total="3" passed="3">
  <reporter-output>
  </reporter-output>
  <suite name="Suite" duration-ms="25235" started-at="2013-10-23T08:29:45Z" finished-at="2013-10-23T08:30:10Z">
    <groups>
    </groups>
    <test name="Test" duration-ms="25235" started-at="2013-10-23T08:29:45Z" finished-at="2013-10-23T08:30:10Z">
      <class name="content.Artists">
        <test-method status="PASS" signature="getWebDriver()[pri:0, instance:content.Artists@5792bb81]" name="getWebDriver" is-config="true" duration-ms="7160" started-at="2013-10-23T11:29:45Z" finished-at="2013-10-23T11:29:52Z">
          <reporter-output>
          </reporter-output>
        </test-method> <!-- getWebDriver -->
        <test-method status="PASS" signature="MusicArtists()[pri:0, instance:content.Artists@5792bb81]" name="MusicArtists" duration-ms="9724" started-at="2013-10-23T11:29:52Z" description="Проверяет отображение артистов на &lt;&lt;Музыка&gt;&gt;" finished-at="2013-10-23T11:30:02Z">
          <reporter-output>
          </reporter-output>
        </test-method> <!-- MusicArtists -->
        <test-method status="PASS" signature="NovinkiArtists()[pri:0, instance:content.Artists@5792bb81]" name="NovinkiArtists" duration-ms="4587" started-at="2013-10-23T11:30:02Z" description="Проверяет отображение артистов на &lt;&lt;Новинки&gt;&gt;" finished-at="2013-10-23T11:30:06Z">
          <reporter-output>
          </reporter-output>
        </test-method> <!-- NovinkiArtists -->
        <test-method status="PASS" signature="AzerArtists()[pri:0, instance:content.Artists@5792bb81]" name="AzerArtists" duration-ms="3497" started-at="2013-10-23T11:30:06Z" description="Проверяет отображение артистов на &lt;&lt;Азербайджанская&gt;&gt;" finished-at="2013-10-23T11:30:10Z">
          <reporter-output>
          </reporter-output>
        </test-method> <!-- AzerArtists -->
        <test-method status="PASS" signature="thearDown()[pri:0, instance:content.Artists@5792bb81]" name="thearDown" is-config="true" duration-ms="251" started-at="2013-10-23T11:30:10Z" finished-at="2013-10-23T11:30:10Z">
          <reporter-output>
          </reporter-output>
        </test-method> <!-- thearDown -->
      </class> <!-- content.Artists -->
    </test> <!-- Test -->
  </suite> <!-- Suite -->
</testng-results>
